running egg_info
creating ../../build/dronecomm/dronecomm.egg-info
writing ../../build/dronecomm/dronecomm.egg-info/PKG-INFO
writing dependency_links to ../../build/dronecomm/dronecomm.egg-info/dependency_links.txt
writing entry points to ../../build/dronecomm/dronecomm.egg-info/entry_points.txt
writing requirements to ../../build/dronecomm/dronecomm.egg-info/requires.txt
writing top-level names to ../../build/dronecomm/dronecomm.egg-info/top_level.txt
writing manifest file '../../build/dronecomm/dronecomm.egg-info/SOURCES.txt'
reading manifest file '../../build/dronecomm/dronecomm.egg-info/SOURCES.txt'
writing manifest file '../../build/dronecomm/dronecomm.egg-info/SOURCES.txt'
running build
running build_py
creating /home/drone/Desktop/drone_ros/build/dronecomm/build
creating /home/drone/Desktop/drone_ros/build/dronecomm/build/lib
creating /home/drone/Desktop/drone_ros/build/dronecomm/build/lib/dronecomm
copying dronecomm/publisher.py -> /home/drone/Desktop/drone_ros/build/dronecomm/build/lib/dronecomm
copying dronecomm/__init__.py -> /home/drone/Desktop/drone_ros/build/dronecomm/build/lib/dronecomm
running install
running install_lib
creating /home/drone/Desktop/drone_ros/install/dronecomm/lib/python3.10/site-packages/dronecomm
copying /home/drone/Desktop/drone_ros/build/dronecomm/build/lib/dronecomm/publisher.py -> /home/drone/Desktop/drone_ros/install/dronecomm/lib/python3.10/site-packages/dronecomm
copying /home/drone/Desktop/drone_ros/build/dronecomm/build/lib/dronecomm/__init__.py -> /home/drone/Desktop/drone_ros/install/dronecomm/lib/python3.10/site-packages/dronecomm
byte-compiling /home/drone/Desktop/drone_ros/install/dronecomm/lib/python3.10/site-packages/dronecomm/publisher.py to publisher.cpython-310.pyc
byte-compiling /home/drone/Desktop/drone_ros/install/dronecomm/lib/python3.10/site-packages/dronecomm/__init__.py to __init__.cpython-310.pyc
running install_data
creating /home/drone/Desktop/drone_ros/install/dronecomm/share/ament_index
creating /home/drone/Desktop/drone_ros/install/dronecomm/share/ament_index/resource_index
creating /home/drone/Desktop/drone_ros/install/dronecomm/share/ament_index/resource_index/packages
copying resource/dronecomm -> /home/drone/Desktop/drone_ros/install/dronecomm/share/ament_index/resource_index/packages
copying package.xml -> /home/drone/Desktop/drone_ros/install/dronecomm/share/dronecomm
running install_egg_info
Copying ../../build/dronecomm/dronecomm.egg-info to /home/drone/Desktop/drone_ros/install/dronecomm/lib/python3.10/site-packages/dronecomm-0.0.0-py3.10.egg-info
running install_scripts
Installing publisher script to /home/drone/Desktop/drone_ros/install/dronecomm/lib/dronecomm
writing list of installed files to '/home/drone/Desktop/drone_ros/build/dronecomm/install.log'
