[1.242s] Invoking command in '/home/drone/Desktop/drone_ros/src/dronecomm': PYTHONPATH=/home/drone/Desktop/drone_ros/build/dronecomm/prefix_override:/home/drone/Desktop/drone_ros/install/dronecomm/lib/python3.10/site-packages:${PYTHONPATH} /usr/bin/python3 -W ignore:setup.py install is deprecated setup.py egg_info --egg-base ../../build/dronecomm build --build-base /home/drone/Desktop/drone_ros/build/dronecomm/build install --record /home/drone/Desktop/drone_ros/build/dronecomm/install.log --single-version-externally-managed install_data
[1.719s] running egg_info
[1.720s] creating ../../build/dronecomm/dronecomm.egg-info
[1.720s] writing ../../build/dronecomm/dronecomm.egg-info/PKG-INFO
[1.720s] writing dependency_links to ../../build/dronecomm/dronecomm.egg-info/dependency_links.txt
[1.721s] writing entry points to ../../build/dronecomm/dronecomm.egg-info/entry_points.txt
[1.721s] writing requirements to ../../build/dronecomm/dronecomm.egg-info/requires.txt
[1.721s] writing top-level names to ../../build/dronecomm/dronecomm.egg-info/top_level.txt
[1.721s] writing manifest file '../../build/dronecomm/dronecomm.egg-info/SOURCES.txt'
[1.724s] reading manifest file '../../build/dronecomm/dronecomm.egg-info/SOURCES.txt'
[1.726s] writing manifest file '../../build/dronecomm/dronecomm.egg-info/SOURCES.txt'
[1.726s] running build
[1.726s] running build_py
[1.727s] creating /home/drone/Desktop/drone_ros/build/dronecomm/build
[1.727s] creating /home/drone/Desktop/drone_ros/build/dronecomm/build/lib
[1.727s] creating /home/drone/Desktop/drone_ros/build/dronecomm/build/lib/dronecomm
[1.727s] copying dronecomm/publisher.py -> /home/drone/Desktop/drone_ros/build/dronecomm/build/lib/dronecomm
[1.727s] copying dronecomm/__init__.py -> /home/drone/Desktop/drone_ros/build/dronecomm/build/lib/dronecomm
[1.727s] running install
[1.728s] running install_lib
[1.729s] creating /home/drone/Desktop/drone_ros/install/dronecomm/lib/python3.10/site-packages/dronecomm
[1.729s] copying /home/drone/Desktop/drone_ros/build/dronecomm/build/lib/dronecomm/publisher.py -> /home/drone/Desktop/drone_ros/install/dronecomm/lib/python3.10/site-packages/dronecomm
[1.729s] copying /home/drone/Desktop/drone_ros/build/dronecomm/build/lib/dronecomm/__init__.py -> /home/drone/Desktop/drone_ros/install/dronecomm/lib/python3.10/site-packages/dronecomm
[1.730s] byte-compiling /home/drone/Desktop/drone_ros/install/dronecomm/lib/python3.10/site-packages/dronecomm/publisher.py to publisher.cpython-310.pyc
[1.731s] byte-compiling /home/drone/Desktop/drone_ros/install/dronecomm/lib/python3.10/site-packages/dronecomm/__init__.py to __init__.cpython-310.pyc
[1.731s] running install_data
[1.731s] creating /home/drone/Desktop/drone_ros/install/dronecomm/share/ament_index
[1.732s] creating /home/drone/Desktop/drone_ros/install/dronecomm/share/ament_index/resource_index
[1.732s] creating /home/drone/Desktop/drone_ros/install/dronecomm/share/ament_index/resource_index/packages
[1.732s] copying resource/dronecomm -> /home/drone/Desktop/drone_ros/install/dronecomm/share/ament_index/resource_index/packages
[1.732s] copying package.xml -> /home/drone/Desktop/drone_ros/install/dronecomm/share/dronecomm
[1.732s] running install_egg_info
[1.735s] Copying ../../build/dronecomm/dronecomm.egg-info to /home/drone/Desktop/drone_ros/install/dronecomm/lib/python3.10/site-packages/dronecomm-0.0.0-py3.10.egg-info
[1.737s] running install_scripts
[1.770s] Installing publisher script to /home/drone/Desktop/drone_ros/install/dronecomm/lib/dronecomm
[1.771s] writing list of installed files to '/home/drone/Desktop/drone_ros/build/dronecomm/install.log'
[1.805s] Invoked command in '/home/drone/Desktop/drone_ros/src/dronecomm' returned '0': PYTHONPATH=/home/drone/Desktop/drone_ros/build/dronecomm/prefix_override:/home/drone/Desktop/drone_ros/install/dronecomm/lib/python3.10/site-packages:${PYTHONPATH} /usr/bin/python3 -W ignore:setup.py install is deprecated setup.py egg_info --egg-base ../../build/dronecomm build --build-base /home/drone/Desktop/drone_ros/build/dronecomm/build install --record /home/drone/Desktop/drone_ros/build/dronecomm/install.log --single-version-externally-managed install_data
