/home/drone/Desktop/drone_ros/install/dronecomm/lib/python3.10/site-packages/dronecomm/flight.py
/home/drone/Desktop/drone_ros/install/dronecomm/lib/python3.10/site-packages/dronecomm/subscriber.py
/home/drone/Desktop/drone_ros/install/dronecomm/lib/python3.10/site-packages/dronecomm/publisher.py
/home/drone/Desktop/drone_ros/install/dronecomm/lib/python3.10/site-packages/dronecomm/__init__.py
/home/drone/Desktop/drone_ros/install/dronecomm/lib/python3.10/site-packages/dronecomm/__pycache__/flight.cpython-310.pyc
/home/drone/Desktop/drone_ros/install/dronecomm/lib/python3.10/site-packages/dronecomm/__pycache__/subscriber.cpython-310.pyc
/home/drone/Desktop/drone_ros/install/dronecomm/lib/python3.10/site-packages/dronecomm/__pycache__/publisher.cpython-310.pyc
/home/drone/Desktop/drone_ros/install/dronecomm/lib/python3.10/site-packages/dronecomm/__pycache__/__init__.cpython-310.pyc
/home/drone/Desktop/drone_ros/install/dronecomm/share/ament_index/resource_index/packages/dronecomm
/home/drone/Desktop/drone_ros/install/dronecomm/share/dronecomm/package.xml
/home/drone/Desktop/drone_ros/install/dronecomm/lib/python3.10/site-packages/dronecomm-0.0.0-py3.10.egg-info/PKG-INFO
/home/drone/Desktop/drone_ros/install/dronecomm/lib/python3.10/site-packages/dronecomm-0.0.0-py3.10.egg-info/entry_points.txt
/home/drone/Desktop/drone_ros/install/dronecomm/lib/python3.10/site-packages/dronecomm-0.0.0-py3.10.egg-info/top_level.txt
/home/drone/Desktop/drone_ros/install/dronecomm/lib/python3.10/site-packages/dronecomm-0.0.0-py3.10.egg-info/dependency_links.txt
/home/drone/Desktop/drone_ros/install/dronecomm/lib/python3.10/site-packages/dronecomm-0.0.0-py3.10.egg-info/zip-safe
/home/drone/Desktop/drone_ros/install/dronecomm/lib/python3.10/site-packages/dronecomm-0.0.0-py3.10.egg-info/requires.txt
/home/drone/Desktop/drone_ros/install/dronecomm/lib/python3.10/site-packages/dronecomm-0.0.0-py3.10.egg-info/SOURCES.txt
/home/drone/Desktop/drone_ros/install/dronecomm/lib/dronecomm/flight
/home/drone/Desktop/drone_ros/install/dronecomm/lib/dronecomm/publisher
/home/drone/Desktop/drone_ros/install/dronecomm/lib/dronecomm/subscriber
