[1.024s] Invoking command in '/home/drone/Desktop/drone_ros/src/dronecomm': PYTHONPATH=/home/drone/Desktop/drone_ros/build/dronecomm/prefix_override:/home/drone/Desktop/drone_ros/install/dronecomm/lib/python3.10/site-packages:${PYTHONPATH} /usr/bin/python3 -W ignore:setup.py install is deprecated setup.py egg_info --egg-base ../../build/dronecomm build --build-base /home/drone/Desktop/drone_ros/build/dronecomm/build install --record /home/drone/Desktop/drone_ros/build/dronecomm/install.log --single-version-externally-managed install_data
[1.431s] running egg_info
[1.433s] writing ../../build/dronecomm/dronecomm.egg-info/PKG-INFO
[1.433s] writing dependency_links to ../../build/dronecomm/dronecomm.egg-info/dependency_links.txt
[1.433s] writing entry points to ../../build/dronecomm/dronecomm.egg-info/entry_points.txt
[1.434s] writing requirements to ../../build/dronecomm/dronecomm.egg-info/requires.txt
[1.434s] writing top-level names to ../../build/dronecomm/dronecomm.egg-info/top_level.txt
[1.437s] reading manifest file '../../build/dronecomm/dronecomm.egg-info/SOURCES.txt'
[1.438s] writing manifest file '../../build/dronecomm/dronecomm.egg-info/SOURCES.txt'
[1.439s] running build
[1.439s] running build_py
[1.439s] copying dronecomm/flight.py -> /home/drone/Desktop/drone_ros/build/dronecomm/build/lib/dronecomm
[1.439s] running install
[1.440s] running install_lib
[1.441s] copying /home/drone/Desktop/drone_ros/build/dronecomm/build/lib/dronecomm/flight.py -> /home/drone/Desktop/drone_ros/install/dronecomm/lib/python3.10/site-packages/dronecomm
[1.442s] byte-compiling /home/drone/Desktop/drone_ros/install/dronecomm/lib/python3.10/site-packages/dronecomm/flight.py to flight.cpython-310.pyc
[1.444s] running install_data
[1.444s] running install_egg_info
[1.447s] removing '/home/drone/Desktop/drone_ros/install/dronecomm/lib/python3.10/site-packages/dronecomm-0.0.0-py3.10.egg-info' (and everything under it)
[1.447s] Copying ../../build/dronecomm/dronecomm.egg-info to /home/drone/Desktop/drone_ros/install/dronecomm/lib/python3.10/site-packages/dronecomm-0.0.0-py3.10.egg-info
[1.449s] running install_scripts
[1.475s] Installing publisher script to /home/drone/Desktop/drone_ros/install/dronecomm/lib/dronecomm
[1.476s] Installing subscriber script to /home/drone/Desktop/drone_ros/install/dronecomm/lib/dronecomm
[1.476s] writing list of installed files to '/home/drone/Desktop/drone_ros/build/dronecomm/install.log'
[1.508s] Invoked command in '/home/drone/Desktop/drone_ros/src/dronecomm' returned '0': PYTHONPATH=/home/drone/Desktop/drone_ros/build/dronecomm/prefix_override:/home/drone/Desktop/drone_ros/install/dronecomm/lib/python3.10/site-packages:${PYTHONPATH} /usr/bin/python3 -W ignore:setup.py install is deprecated setup.py egg_info --egg-base ../../build/dronecomm build --build-base /home/drone/Desktop/drone_ros/build/dronecomm/build install --record /home/drone/Desktop/drone_ros/build/dronecomm/install.log --single-version-externally-managed install_data
