running egg_info
writing ../../build/dronecomm/dronecomm.egg-info/PKG-INFO
writing dependency_links to ../../build/dronecomm/dronecomm.egg-info/dependency_links.txt
writing entry points to ../../build/dronecomm/dronecomm.egg-info/entry_points.txt
writing requirements to ../../build/dronecomm/dronecomm.egg-info/requires.txt
writing top-level names to ../../build/dronecomm/dronecomm.egg-info/top_level.txt
reading manifest file '../../build/dronecomm/dronecomm.egg-info/SOURCES.txt'
writing manifest file '../../build/dronecomm/dronecomm.egg-info/SOURCES.txt'
running build
running build_py
copying dronecomm/subscriber.py -> /home/drone/Desktop/drone_ros/build/dronecomm/build/lib/dronecomm
running install
running install_lib
copying /home/drone/Desktop/drone_ros/build/dronecomm/build/lib/dronecomm/subscriber.py -> /home/drone/Desktop/drone_ros/install/dronecomm/lib/python3.10/site-packages/dronecomm
byte-compiling /home/drone/Desktop/drone_ros/install/dronecomm/lib/python3.10/site-packages/dronecomm/subscriber.py to subscriber.cpython-310.pyc
running install_data
running install_egg_info
removing '/home/drone/Desktop/drone_ros/install/dronecomm/lib/python3.10/site-packages/dronecomm-0.0.0-py3.10.egg-info' (and everything under it)
Copying ../../build/dronecomm/dronecomm.egg-info to /home/drone/Desktop/drone_ros/install/dronecomm/lib/python3.10/site-packages/dronecomm-0.0.0-py3.10.egg-info
running install_scripts
Installing publisher script to /home/drone/Desktop/drone_ros/install/dronecomm/lib/dronecomm
Installing subscriber script to /home/drone/Desktop/drone_ros/install/dronecomm/lib/dronecomm
writing list of installed files to '/home/drone/Desktop/drone_ros/build/dronecomm/install.log'
